<?xml version="1.0" encoding="UTF-8"?>
<!-- Generated by org.testng.reporters.JUnitReportReporter -->
<testsuite skipped="0" hostname="DESKTOP-V3Q84TH" name="tests.ProductTabSelection" tests="2" failures="0" timestamp="2021-04-14T11:38:06 IDT" time="10.411" errors="0">
  <testcase name="tc02ProductSelection" time="0.131" classname="tests.ProductTabSelection"/>
  <system-out/>
  <testcase name="tc01ProductTabSelection" time="10.280" classname="tests.ProductTabSelection"/>
  <system-out/>
</testsuite> <!-- tests.ProductTabSelection -->
