<?xml version="1.0" encoding="UTF-8"?>
<!-- Generated by org.testng.reporters.JUnitReportReporter -->
<testsuite skipped="0" hostname="DESKTOP-V3Q84TH" name="tests.RemovalOfProduct" tests="1" failures="0" timestamp="2021-04-14T11:38:06 IDT" time="59.012" errors="0">
  <testcase name="tc05CheckingRemoveBTN" time="59.012" classname="tests.RemovalOfProduct"/>
  <system-out/>
</testsuite> <!-- tests.RemovalOfProduct -->
