<?xml version="1.0" encoding="UTF-8"?>
<!-- Generated by org.testng.reporters.JUnitReportReporter -->
<testsuite skipped="0" hostname="DESKTOP-V3Q84TH" name="tests.SearchProduct" tests="2" failures="0" timestamp="2021-04-14T11:38:06 IDT" time="13.923" errors="0">
  <testcase name="tc01SearchExistProduct" time="7.039" classname="tests.SearchProduct"/>
  <system-out/>
  <testcase name="tc01SearchNotExistProduct" time="6.884" classname="tests.SearchProduct"/>
  <system-out/>
</testsuite> <!-- tests.SearchProduct -->
