<?xml version="1.0" encoding="UTF-8"?>
<!-- Generated by org.testng.reporters.JUnitReportReporter -->
<testsuite skipped="0" hostname="DESKTOP-V3Q84TH" name="tests.AddProduct" tests="2" failures="0" timestamp="2021-04-14T11:38:06 IDT" time="79.021" errors="0">
  <testcase name="tc02AddFewProduct" time="61.537" classname="tests.AddProduct"/>
  <system-out/>
  <testcase name="tc01AddProduct" time="17.484" classname="tests.AddProduct"/>
  <system-out/>
</testsuite> <!-- tests.AddProduct -->
