<?xml version="1.0" encoding="UTF-8"?>
<!-- Generated by org.testng.reporters.JUnitReportReporter -->
<testsuite skipped="0" hostname="DESKTOP-V3Q84TH" name="tests.BackToLoginFromSignIn" tests="1" failures="0" timestamp="2021-04-14T11:38:06 IDT" time="12.798" errors="0">
  <testcase name="tc01BackToLogin" time="12.798" classname="tests.BackToLoginFromSignIn"/>
  <system-out/>
</testsuite> <!-- tests.BackToLoginFromSignIn -->
